<?xml version="1.0" encoding="UTF-8"?>
<!-- Generated by org.testng.reporters.JUnitReportReporter -->
<testsuite hostname="DESKTOP-FPNQV5V" failures="0" tests="3" name="TestCasesProduct1.LoginCases" time="48.680" errors="0" timestamp="2023-02-04T11:23:38 GST" skipped="0">
  <testcase classname="TestCasesProduct1.LoginCases" name="ValidateLoginwithvalidEmail" time="19.507"/>
  <system-out/>
  <testcase classname="TestCasesProduct1.LoginCases" name="ValidateLoginwithInvalidEmail" time="19.956"/>
  <system-out/>
  <testcase classname="TestCasesProduct1.LoginCases" name="ValidateLoginwithWrongPassword" time="9.217"/>
  <system-out/>
</testsuite> <!-- TestCasesProduct1.LoginCases -->
