<?xml version="1.0" encoding="UTF-8"?>
<!-- Generated by org.testng.reporters.JUnitReportReporter -->
<testsuite hostname="DESKTOP-FPNQV5V" failures="0" tests="5" name="TestCasesProduct1.RegisterCases" time="108.716" errors="0" timestamp="2023-02-04T11:25:47 GST" skipped="0">
  <testcase classname="TestCasesProduct1.RegisterCases" name="RegisterWithInvalidEmail" time="17.097"/>
  <system-out/>
  <testcase classname="TestCasesProduct1.RegisterCases" name="RegisterWithMismatchPassword" time="17.207"/>
  <system-out/>
  <testcase classname="TestCasesProduct1.RegisterCases" name="RegisterWithNOEmail" time="33.307"/>
  <system-out/>
  <testcase classname="TestCasesProduct1.RegisterCases" name="RegisterWithNOPassword" time="19.064"/>
  <system-out/>
  <testcase classname="TestCasesProduct1.RegisterCases" name="Registeration" time="22.041"/>
  <system-out/>
</testsuite> <!-- TestCasesProduct1.RegisterCases -->
